2021-07-10 06:52:14 [32minfo[39m: [82671] Master Started 
2021-07-10 06:52:14 [32minfo[39m: Cluster metrics server listening to 5555, metrics exposed on http://localhost:5555/metrics 
2021-07-10 06:52:15 [33mwarn[39m: [82707] Worker Stopped Sat Jul 10 2021 06:52:15 GMT+1000 (Australian Eastern Standard Time) 
2021-07-10 06:52:17 [33mwarn[39m: [82744] Worker Stopped Sat Jul 10 2021 06:52:17 GMT+1000 (Australian Eastern Standard Time) 
2021-07-10 06:52:18 [33mwarn[39m: [82780] Worker Stopped Sat Jul 10 2021 06:52:18 GMT+1000 (Australian Eastern Standard Time) 
2021-07-10 06:52:19 [33mwarn[39m: [82816] Worker Stopped Sat Jul 10 2021 06:52:19 GMT+1000 (Australian Eastern Standard Time) 
2021-07-10 06:52:21 [33mwarn[39m: [82852] Worker Stopped Sat Jul 10 2021 06:52:21 GMT+1000 (Australian Eastern Standard Time) 
2021-07-10 06:52:22 [33mwarn[39m: [82889] Worker Stopped Sat Jul 10 2021 06:52:22 GMT+1000 (Australian Eastern Standard Time) 
2021-07-10 06:52:23 [33mwarn[39m: [82925] Worker Stopped Sat Jul 10 2021 06:52:23 GMT+1000 (Australian Eastern Standard Time) 
2021-07-10 06:52:24 [33mwarn[39m: [82961] Worker Stopped Sat Jul 10 2021 06:52:24 GMT+1000 (Australian Eastern Standard Time) 
2021-07-10 06:53:12 [32minfo[39m: [83061] Master Started 
2021-07-10 06:53:12 [32minfo[39m: Cluster metrics server listening to 5555, metrics exposed on http://localhost:5555/metrics 
2021-07-10 06:53:13 [33mwarn[39m: [83097] Worker Stopped Sat Jul 10 2021 06:53:13 GMT+1000 (Australian Eastern Standard Time) 
2021-07-10 06:53:15 [33mwarn[39m: [83133] Worker Stopped Sat Jul 10 2021 06:53:15 GMT+1000 (Australian Eastern Standard Time) 
2021-07-10 06:53:16 [33mwarn[39m: [83172] Worker Stopped Sat Jul 10 2021 06:53:16 GMT+1000 (Australian Eastern Standard Time) 
2021-07-10 06:53:18 [33mwarn[39m: [83208] Worker Stopped Sat Jul 10 2021 06:53:18 GMT+1000 (Australian Eastern Standard Time) 
2021-07-10 06:53:19 [33mwarn[39m: [83258] Worker Stopped Sat Jul 10 2021 06:53:19 GMT+1000 (Australian Eastern Standard Time) 
2021-07-10 06:53:20 [33mwarn[39m: [83310] Worker Stopped Sat Jul 10 2021 06:53:20 GMT+1000 (Australian Eastern Standard Time) 
2021-07-10 06:53:22 [33mwarn[39m: [83346] Worker Stopped Sat Jul 10 2021 06:53:22 GMT+1000 (Australian Eastern Standard Time) 
2021-07-10 06:53:23 [33mwarn[39m: [83383] Worker Stopped Sat Jul 10 2021 06:53:23 GMT+1000 (Australian Eastern Standard Time) 
2021-07-10 06:53:24 [33mwarn[39m: [83419] Worker Stopped Sat Jul 10 2021 06:53:24 GMT+1000 (Australian Eastern Standard Time) 
2021-07-10 06:54:58 [32minfo[39m: [83578] Master Started 
2021-07-10 06:54:58 [32minfo[39m: Cluster metrics server listening to 5555, metrics exposed on http://localhost:5555/metrics 
2021-07-10 06:54:59 [32minfo[39m: CORS enabled for http://localhost:3000/, http://localhost:3001/, http://localhost:5000/ 
2021-07-10 06:54:59 [32minfo[39m: [83615] Worker started 
2021-07-10 06:54:59 [32minfo[39m: Handlebar helpers registration started 
2021-07-10 06:54:59 [33mwarn[39m: Code Injection is enabled. 
2021-07-10 06:54:59 [32minfo[39m: Handlebar helpers registration completed 
2021-07-10 06:54:59 [32minfo[39m: Scheduled a backup cron job with specified cron: 0 * * * * 
2021-07-10 06:54:59 [32minfo[39m: Worker sharing HTTP server at http://localhost:8081 ⛳ 
2021-07-10 06:56:02 [32minfo[39m: [83770] Master Started 
2021-07-10 06:56:02 [32minfo[39m: Cluster metrics server listening to 5555, metrics exposed on http://localhost:5555/metrics 
2021-07-10 06:56:03 [32minfo[39m: CORS enabled for http://localhost:3000/, http://localhost:3001/, http://localhost:4200/ 
2021-07-10 06:56:03 [32minfo[39m: [83806] Worker started 
2021-07-10 06:56:03 [32minfo[39m: Handlebar helpers registration started 
2021-07-10 06:56:03 [33mwarn[39m: Code Injection is enabled. 
2021-07-10 06:56:03 [32minfo[39m: Handlebar helpers registration completed 
2021-07-10 06:56:03 [32minfo[39m: Scheduled a backup cron job with specified cron: 0 * * * * 
2021-07-10 06:56:03 [32minfo[39m: Worker sharing HTTP server at http://localhost:8081 ⛳ 
